<?xml version="1.0" encoding="UTF-8"?>
<!-- Generated by org.testng.reporters.JUnitXMLReporter -->
<testsuite ignored="0" hostname="DESKTOP-VQPVIM5" failures="1" tests="1" name="ChromeTest" time="20.22" errors="0" timestamp="2024-12-11T17:49:34 IST">
  <testcase classname="com.qapitol.testcases.SearchTest" name="search" time="12.942">
    <failure type="java.lang.AssertionError" message="expected [Product title does not match] but found [vivo v27 pro 5g (magic blue, 256 gb)]">
      <![CDATA[java.lang.AssertionError: expected [Product title does not match] but found [vivo v27 pro 5g (magic blue, 256 gb)]
at com.qapitol.pages.SearchPage.getProductTitles(SearchPage.java:73)
at com.qapitol.testcases.SearchTest.search(SearchTest.java:30)
at java.base/java.util.ArrayList.forEach(ArrayList.java:1597)
at java.base/java.util.concurrent.FutureTask.run(FutureTask.java:317)
at java.base/java.util.concurrent.ThreadPoolExecutor.runWorker(ThreadPoolExecutor.java:1144)
at java.base/java.util.concurrent.ThreadPoolExecutor$Worker.run(ThreadPoolExecutor.java:642)
at java.base/java.lang.Thread.run(Thread.java:1575)
... Removed 21 stack frames]]>
    </failure>
  </testcase> <!-- search -->
</testsuite> <!-- ChromeTest -->
